<?xml version="1.0" encoding="UTF-8"?>
<!-- Generated by org.testng.reporters.JUnitReportReporter -->
<testsuite hostname="Hariprasath" failures="0" tests="1" name="tutorials.Register.TC_RF_026" time="7.277" errors="0" timestamp="2025-09-23T18:40:47 IST" skipped="0">
  <testcase classname="tutorials.Register.TC_RF_026" name="verifyUIOfRegisterAccount" time="7.277"/>
</testsuite> <!-- tutorials.Register.TC_RF_026 -->
