<?xml version="1.0" encoding="UTF-8"?>
<!-- Generated by org.testng.reporters.JUnitReportReporter -->
<testsuite hostname="Hariprasath" failures="0" tests="1" name="tutorials.Register.TC_RF_010" time="16.585" errors="0" timestamp="2025-09-01T17:39:00 IST" skipped="0">
  <testcase classname="tutorials.Register.TC_RF_010" name="verifyRegisteringAccountwithInvalidEmail" time="16.585"/>
</testsuite> <!-- tutorials.Register.TC_RF_010 -->
