<?xml version="1.0" encoding="UTF-8"?>
<!-- Generated by org.testng.reporters.JUnitReportReporter -->
<testsuite hostname="Hariprasath" failures="0" tests="1" name="tutorials.Register.TC_RF_022" time="4.526" errors="0" timestamp="2025-09-15T20:26:22 IST" skipped="0">
  <testcase classname="tutorials.Register.TC_RF_022" name="verifyRegisterAccountPasswordFunctionalityToggledToHideVisibility" time="4.526"/>
</testsuite> <!-- tutorials.Register.TC_RF_022 -->
