<?xml version="1.0" encoding="UTF-8"?>
<!-- Generated by org.testng.reporters.JUnitReportReporter -->
<testsuite hostname="Hariprasath" failures="0" tests="1" name="tutorials.Register.TC_RF_005" time="6.172" errors="0" timestamp="2025-08-28T21:33:03 IST" skipped="0">
  <testcase classname="tutorials.Register.TC_RF_005" name="verifingRigisteringAccoundNewsletterfield" time="6.172"/>
</testsuite> <!-- tutorials.Register.TC_RF_005 -->
