<?xml version="1.0" encoding="UTF-8"?>
<!-- Generated by org.testng.reporters.JUnitReportReporter -->
<testsuite hostname="Hariprasath" failures="0" tests="1" name="tutorials.Register.TC_RF_025" time="3.187" errors="0" timestamp="2025-09-22T19:07:48 IST" skipped="0">
  <testcase classname="tutorials.Register.TC_RF_025" name="verifyRegisterAccountBreadcrumbPageHeadingPageURLPageTitle" time="3.187"/>
</testsuite> <!-- tutorials.Register.TC_RF_025 -->
