<?xml version="1.0" encoding="UTF-8"?>
<!-- Generated by org.testng.reporters.JUnitReportReporter -->
<testsuite hostname="Hariprasath" failures="0" tests="1" name="tutorials.Register.TC_RF_007" time="4.454" errors="0" timestamp="2025-08-29T13:44:43 IST" skipped="0">
  <testcase classname="tutorials.Register.TC_RF_007" name="verifingRegisterAccountUsingMultileWays" time="4.454"/>
</testsuite> <!-- tutorials.Register.TC_RF_007 -->
