<?xml version="1.0" encoding="UTF-8"?>
<!-- Generated by org.testng.reporters.JUnitReportReporter -->
<testsuite hostname="Hariprasath" failures="0" tests="1" name="tutorials.Register.TC_RF_003" time="8.586" errors="0" timestamp="2025-08-28T20:21:30 IST" skipped="0">
  <testcase classname="tutorials.Register.TC_RF_003" name="verifyRegisterAccountWithAllFields" time="8.586"/>
</testsuite> <!-- tutorials.Register.TC_RF_003 -->
