<?xml version="1.0" encoding="UTF-8"?>
<!-- Generated by org.testng.reporters.JUnitReportReporter -->
<testsuite hostname="Hariprasath" failures="0" tests="1" name="tutorials.TC_RF_003" time="13.678" errors="0" timestamp="2025-08-28T19:29:40 IST" skipped="0">
  <testcase classname="tutorials.TC_RF_003" name="verifyRegisterAccountWithAllFields" time="13.678"/>
</testsuite> <!-- tutorials.TC_RF_003 -->
