<?xml version="1.0" encoding="UTF-8"?>
<!-- Generated by org.testng.reporters.JUnitReportReporter -->
<testsuite hostname="Hariprasath" failures="0" tests="1" name="tutorials.Register.TC_RF_010" time="8.573" errors="0" timestamp="2025-08-29T20:22:37 IST" skipped="0">
  <testcase classname="tutorials.Register.TC_RF_010" name="verifyRegisteringAccountwithInvalidEmail" time="8.573"/>
</testsuite> <!-- tutorials.Register.TC_RF_010 -->
