<?xml version="1.0" encoding="UTF-8"?>
<!-- Generated by org.testng.reporters.JUnitReportReporter -->
<testsuite hostname="Hariprasath" failures="0" tests="1" name="tutorials.TC_RF_004" time="6.746" errors="0" timestamp="2025-08-28T20:14:22 IST" skipped="0">
  <testcase classname="tutorials.TC_RF_004" name="verifyRegistringAccountWithoutFillField" time="6.746"/>
</testsuite> <!-- tutorials.TC_RF_004 -->
