<?xml version="1.0" encoding="UTF-8"?>
<!-- Generated by org.testng.reporters.JUnitReportReporter -->
<testsuite hostname="Hariprasath" failures="0" tests="1" name="tutorials.Register.TC_RF_013" time="2.268" errors="0" timestamp="2025-09-01T21:48:09 IST" skipped="0">
  <testcase classname="tutorials.Register.TC_RF_013" name="verifyPlaceHoldersOfTextFieldsInRegisterAccountPage" time="2.268"/>
</testsuite> <!-- tutorials.Register.TC_RF_013 -->
