<?xml version="1.0" encoding="UTF-8"?>
<!-- Generated by org.testng.reporters.JUnitReportReporter -->
<testsuite hostname="Hariprasath" failures="0" tests="3" name="tutorials.Register.TC_RF_027" time="17.004" errors="0" timestamp="2025-09-23T19:16:33 IST" skipped="0">
  <testcase classname="tutorials.Register.TC_RF_027" name="verifyRegistringAccountWithDifferentEnvironments" time="4.225"/>
  <testcase classname="tutorials.Register.TC_RF_027" name="verifyRegistringAccountWithDifferentEnvironments" time="7.621"/>
  <testcase classname="tutorials.Register.TC_RF_027" name="verifyRegistringAccountWithDifferentEnvironments" time="5.158"/>
</testsuite> <!-- tutorials.Register.TC_RF_027 -->
