<?xml version="1.0" encoding="UTF-8"?>
<!-- Generated by org.testng.reporters.JUnitReportReporter -->
<testsuite hostname="Hariprasath" failures="0" tests="1" name="tutorials.Register.Tables" time="48.732" errors="0" timestamp="2025-09-10T07:19:02 IST" skipped="0">
  <testcase classname="tutorials.Register.Tables" name="table" time="48.732"/>
</testsuite> <!-- tutorials.Register.Tables -->
