<?xml version="1.0" encoding="UTF-8"?>
<!-- Generated by org.testng.reporters.JUnitReportReporter -->
<testsuite hostname="Hariprasath" failures="0" tests="1" name="tutorials.Register.TC_RF_023" time="14.065" errors="0" timestamp="2025-09-16T19:11:15 IST" skipped="0">
  <testcase classname="tutorials.Register.TC_RF_023" name="navigatingToCheckingVerifyEveryLinkOnRegisterAccountPage" time="14.065"/>
</testsuite> <!-- tutorials.Register.TC_RF_023 -->
