<?xml version="1.0" encoding="UTF-8"?>
<!-- Generated by org.testng.reporters.JUnitReportReporter -->
<testsuite hostname="Hariprasath" failures="0" tests="1" name="tutorials.Register.TC_RF_023" time="26.650" errors="0" timestamp="2025-09-22T18:33:55 IST" skipped="0">
  <testcase classname="tutorials.Register.TC_RF_023" name="navigatingToCheckingVerifyEveryLinkOnRegisterAccountPage" time="26.650"/>
</testsuite> <!-- tutorials.Register.TC_RF_023 -->
