<?xml version="1.0" encoding="UTF-8"?>
<!-- Generated by org.testng.reporters.JUnitReportReporter -->
<testsuite hostname="Hariprasath" failures="0" tests="1" name="tutorials.Register.TC_RF_006" time="5.359" errors="0" timestamp="2025-08-28T22:04:19 IST" skipped="0">
  <testcase classname="tutorials.Register.TC_RF_006" name="verifyRegisterAccoutWithNoOption" time="5.359"/>
</testsuite> <!-- tutorials.Register.TC_RF_006 -->
