<?xml version="1.0" encoding="UTF-8"?>
<!-- Generated by org.testng.reporters.JUnitReportReporter -->
<testsuite hostname="Hariprasath" failures="0" tests="1" name="tutorials.Register.TC_RF_012" time="14.163" errors="0" timestamp="2025-09-01T21:29:10 IST" skipped="0">
  <testcase classname="tutorials.Register.TC_RF_012" name="verifyRegisteringAccountUsingKeyboardKeys" time="14.163"/>
</testsuite> <!-- tutorials.Register.TC_RF_012 -->
