<?xml version="1.0" encoding="UTF-8"?>
<!-- Generated by org.testng.reporters.JUnitReportReporter -->
<testsuite hostname="Hariprasath" failures="0" tests="1" name="tutorials.Register.TC_RF_024" time="5.395" errors="0" timestamp="2025-09-22T18:45:48 IST" skipped="0">
  <testcase classname="tutorials.Register.TC_RF_024" name="verifyRegistringAccountWithoutEnteringPasswordIntoPasswordConfirmField" time="5.395"/>
</testsuite> <!-- tutorials.Register.TC_RF_024 -->
