<?xml version="1.0" encoding="UTF-8"?>
<!-- Generated by org.testng.reporters.JUnitReportReporter -->
<testsuite hostname="Hariprasath" failures="0" tests="1" name="tutorials.Register.TC_RF_001" time="5.204" errors="0" timestamp="2025-08-25T21:27:02 IST" skipped="0">
  <testcase classname="tutorials.Register.TC_RF_001" name="verifyRegisterWithMandatoryFields" time="5.204"/>
</testsuite> <!-- tutorials.Register.TC_RF_001 -->
