<?xml version="1.0" encoding="UTF-8"?>
<!-- Generated by org.testng.reporters.JUnitReportReporter -->
<testsuite hostname="Hariprasath" failures="0" tests="1" name="tutorials.Register.TC_RF_018" time="80.710" errors="0" timestamp="2025-09-11T20:43:35 IST" skipped="0">
  <testcase classname="tutorials.Register.TC_RF_018" name="verifyRegisteringAccountFieldsHeightWidthAligment" time="80.710"/>
</testsuite> <!-- tutorials.Register.TC_RF_018 -->
