<?xml version="1.0" encoding="UTF-8"?>
<!-- Generated by org.testng.reporters.JUnitReportReporter -->
<testsuite hostname="Hariprasath" failures="0" tests="1" name="tutorials.Register.TC_RF_008" time="5.171" errors="0" timestamp="2025-08-29T14:18:38 IST" skipped="0">
  <testcase classname="tutorials.Register.TC_RF_008" name="verifyRegisterAccoutByDifferentPasswords" time="5.171"/>
</testsuite> <!-- tutorials.Register.TC_RF_008 -->
